9/25/2014 2:16:05 PM : Starting rebuild of Index : C:\Data\Projects\EPlus\Document\pdf V8.2\index.pdx
9/25/2014 2:16:05 PM : Deleting files from current index
9/25/2014 2:16:05 PM : Searching : C:\Data\Projects\EPlus\Document\pdf V8.2\
9/25/2014 2:16:07 PM : Indexing 17 files
9/25/2014 2:16:07 PM : Extracting : C:\Data\Projects\EPlus\Document\pdf V8.2\Acknowledgments.pdf
9/25/2014 2:16:07 PM : Extracting : C:\Data\Projects\EPlus\Document\pdf V8.2\appguidemenu.pdf
9/25/2014 2:16:07 PM : Extracting : C:\Data\Projects\EPlus\Document\pdf V8.2\AuxiliaryPrograms.pdf
9/25/2014 2:16:10 PM : Extracting : C:\Data\Projects\EPlus\Document\pdf V8.2\devguidemenu.pdf
9/25/2014 2:16:10 PM : Extracting : C:\Data\Projects\EPlus\Document\pdf V8.2\EMS_Application_Guide.pdf
9/25/2014 2:16:12 PM : Extracting : C:\Data\Projects\EPlus\Document\pdf V8.2\EngineeringReference.pdf
9/25/2014 2:16:45 PM : Extracting : C:\Data\Projects\EPlus\Document\pdf V8.2\EPlusMainMenu.pdf
9/25/2014 2:16:45 PM : Extracting : C:\Data\Projects\EPlus\Document\pdf V8.2\ExternalInterfaces_Application_Guide.pdf
9/25/2014 2:16:45 PM : Extracting : C:\Data\Projects\EPlus\Document\pdf V8.2\GettingStarted.pdf
9/25/2014 2:16:46 PM : Extracting : C:\Data\Projects\EPlus\Document\pdf V8.2\InputOutputReference.pdf
9/25/2014 2:17:25 PM : Extracting : C:\Data\Projects\EPlus\Document\pdf V8.2\InterfaceDeveloper.pdf
9/25/2014 2:17:25 PM : Extracting : C:\Data\Projects\EPlus\Document\pdf V8.2\ModuleDeveloper.pdf
9/25/2014 2:17:27 PM : Extracting : C:\Data\Projects\EPlus\Document\pdf V8.2\OutputDetailsAndExamples.pdf
9/25/2014 2:17:30 PM : Extracting : C:\Data\Projects\EPlus\Document\pdf V8.2\PlantApplicationGuide.pdf
9/25/2014 2:17:30 PM : Extracting : C:\Data\Projects\EPlus\Document\pdf V8.2\ProgrammingStandard.pdf
9/25/2014 2:17:31 PM : Extracting : C:\Data\Projects\EPlus\Document\pdf V8.2\Tips_and_Tricks_Using_EnergyPlus.pdf
9/25/2014 2:17:31 PM : Extracting : C:\Data\Projects\EPlus\Document\pdf V8.2\Using_EnergyPlus_for_Compliance.pdf
9/25/2014 2:17:32 PM : Creating Index
9/25/2014 2:17:34 PM :   Total PDF files in all directories : 17
9/25/2014 2:17:34 PM :   Total PDF attachments : 0
9/25/2014 2:17:34 PM :   Total new files : 17
9/25/2014 2:17:34 PM :   Total pages indexed : 4800
9/25/2014 2:17:34 PM :   Total number of files skipped : 0
9/25/2014 2:17:34 PM :   Total deleted files : 0
9/25/2014 2:17:34 PM : Index build successful.

9/26/2014 10:47:31 AM : Starting rebuild of Index : C:\Data\Projects\EPlus\Document\pdf V8.2\index.pdx
9/26/2014 10:47:32 AM : Deleting files from current index
9/26/2014 10:47:32 AM : Deleting : C:\Data\Projects\EPlus\Document\pdf V8.2\index\index.idx
9/26/2014 10:47:32 AM : Deleting : C:\Data\Projects\EPlus\Document\pdf V8.2\index\index1.idx
9/26/2014 10:47:32 AM : Searching : C:\Data\Projects\EPlus\Document\pdf V8.2\
9/26/2014 10:47:33 AM : Indexing 17 files
9/26/2014 10:47:33 AM : Extracting : C:\Data\Projects\EPlus\Document\pdf V8.2\Acknowledgments.pdf
9/26/2014 10:47:34 AM : Extracting : C:\Data\Projects\EPlus\Document\pdf V8.2\appguidemenu.pdf
9/26/2014 10:47:34 AM : Extracting : C:\Data\Projects\EPlus\Document\pdf V8.2\AuxiliaryPrograms.pdf
9/26/2014 10:47:36 AM : Extracting : C:\Data\Projects\EPlus\Document\pdf V8.2\devguidemenu.pdf
9/26/2014 10:47:36 AM : Extracting : C:\Data\Projects\EPlus\Document\pdf V8.2\EMS_Application_Guide.pdf
9/26/2014 10:47:38 AM : Extracting : C:\Data\Projects\EPlus\Document\pdf V8.2\EngineeringReference.pdf
9/26/2014 10:48:11 AM : Extracting : C:\Data\Projects\EPlus\Document\pdf V8.2\EPlusMainMenu.pdf
9/26/2014 10:48:11 AM : Extracting : C:\Data\Projects\EPlus\Document\pdf V8.2\ExternalInterfaces_Application_Guide.pdf
9/26/2014 10:48:11 AM : Extracting : C:\Data\Projects\EPlus\Document\pdf V8.2\GettingStarted.pdf
9/26/2014 10:48:12 AM : Extracting : C:\Data\Projects\EPlus\Document\pdf V8.2\InputOutputReference.pdf
9/26/2014 10:48:50 AM : Extracting : C:\Data\Projects\EPlus\Document\pdf V8.2\InterfaceDeveloper.pdf
9/26/2014 10:48:50 AM : Extracting : C:\Data\Projects\EPlus\Document\pdf V8.2\ModuleDeveloper.pdf
9/26/2014 10:48:52 AM : Extracting : C:\Data\Projects\EPlus\Document\pdf V8.2\OutputDetailsAndExamples.pdf
9/26/2014 10:48:55 AM : Extracting : C:\Data\Projects\EPlus\Document\pdf V8.2\PlantApplicationGuide.pdf
9/26/2014 10:48:55 AM : Extracting : C:\Data\Projects\EPlus\Document\pdf V8.2\ProgrammingStandard.pdf
9/26/2014 10:48:56 AM : Extracting : C:\Data\Projects\EPlus\Document\pdf V8.2\Tips_and_Tricks_Using_EnergyPlus.pdf
9/26/2014 10:48:56 AM : Extracting : C:\Data\Projects\EPlus\Document\pdf V8.2\Using_EnergyPlus_for_Compliance.pdf
9/26/2014 10:48:57 AM : Creating Index
9/26/2014 10:48:59 AM :   Total PDF files in all directories : 17
9/26/2014 10:48:59 AM :   Total PDF attachments : 0
9/26/2014 10:48:59 AM :   Total new files : 17
9/26/2014 10:48:59 AM :   Total pages indexed : 4800
9/26/2014 10:48:59 AM :   Total number of files skipped : 0
9/26/2014 10:48:59 AM :   Total deleted files : 0
9/26/2014 10:48:59 AM : Index build successful.

9/26/2014 11:29:05 AM : Starting rebuild of Index : C:\Data\Projects\EPlus\Document\pdf V8.2\index.pdx
9/26/2014 11:29:05 AM : Deleting files from current index
9/26/2014 11:29:05 AM : Deleting : C:\Data\Projects\EPlus\Document\pdf V8.2\index\index.idx
9/26/2014 11:29:05 AM : Deleting : C:\Data\Projects\EPlus\Document\pdf V8.2\index\index1.idx
9/26/2014 11:29:05 AM : Searching : C:\Data\Projects\EPlus\Document\pdf V8.2\
9/26/2014 11:29:07 AM : Indexing 17 files
9/26/2014 11:29:07 AM : Extracting : C:\Data\Projects\EPlus\Document\pdf V8.2\Acknowledgments.pdf
9/26/2014 11:29:07 AM : Extracting : C:\Data\Projects\EPlus\Document\pdf V8.2\appguidemenu.pdf
9/26/2014 11:29:07 AM : Extracting : C:\Data\Projects\EPlus\Document\pdf V8.2\AuxiliaryPrograms.pdf
9/26/2014 11:29:10 AM : Extracting : C:\Data\Projects\EPlus\Document\pdf V8.2\devguidemenu.pdf
9/26/2014 11:29:10 AM : Extracting : C:\Data\Projects\EPlus\Document\pdf V8.2\EMS_Application_Guide.pdf
9/26/2014 11:29:12 AM : Extracting : C:\Data\Projects\EPlus\Document\pdf V8.2\EngineeringReference.pdf
9/26/2014 11:29:44 AM : Extracting : C:\Data\Projects\EPlus\Document\pdf V8.2\EPlusMainMenu.pdf
9/26/2014 11:29:44 AM : Extracting : C:\Data\Projects\EPlus\Document\pdf V8.2\ExternalInterfaces_Application_Guide.pdf
9/26/2014 11:29:45 AM : Extracting : C:\Data\Projects\EPlus\Document\pdf V8.2\GettingStarted.pdf
9/26/2014 11:29:45 AM : Extracting : C:\Data\Projects\EPlus\Document\pdf V8.2\InputOutputReference.pdf
9/26/2014 11:30:23 AM : Extracting : C:\Data\Projects\EPlus\Document\pdf V8.2\InterfaceDeveloper.pdf
9/26/2014 11:30:23 AM : Extracting : C:\Data\Projects\EPlus\Document\pdf V8.2\ModuleDeveloper.pdf
9/26/2014 11:30:25 AM : Extracting : C:\Data\Projects\EPlus\Document\pdf V8.2\OutputDetailsAndExamples.pdf
9/26/2014 11:30:28 AM : Extracting : C:\Data\Projects\EPlus\Document\pdf V8.2\PlantApplicationGuide.pdf
9/26/2014 11:30:29 AM : Extracting : C:\Data\Projects\EPlus\Document\pdf V8.2\ProgrammingStandard.pdf
9/26/2014 11:30:29 AM : Extracting : C:\Data\Projects\EPlus\Document\pdf V8.2\Tips_and_Tricks_Using_EnergyPlus.pdf
9/26/2014 11:30:30 AM : Extracting : C:\Data\Projects\EPlus\Document\pdf V8.2\Using_EnergyPlus_for_Compliance.pdf
9/26/2014 11:30:30 AM : Creating Index
9/26/2014 11:30:32 AM :   Total PDF files in all directories : 17
9/26/2014 11:30:32 AM :   Total PDF attachments : 0
9/26/2014 11:30:32 AM :   Total new files : 17
9/26/2014 11:30:32 AM :   Total pages indexed : 4800
9/26/2014 11:30:32 AM :   Total number of files skipped : 0
9/26/2014 11:30:32 AM :   Total deleted files : 0
9/26/2014 11:30:32 AM : Index build successful.

9/27/2014 2:26:12 PM : Starting rebuild of Index : C:\Data\Projects\EPlus\Document\pdf V8.2\index.pdx
9/27/2014 2:26:12 PM : Deleting files from current index
9/27/2014 2:26:12 PM : Deleting : C:\Data\Projects\EPlus\Document\pdf V8.2\index\index.idx
9/27/2014 2:26:12 PM : Deleting : C:\Data\Projects\EPlus\Document\pdf V8.2\index\index1.idx
9/27/2014 2:26:12 PM : Searching : C:\Data\Projects\EPlus\Document\pdf V8.2\
9/27/2014 2:26:15 PM : Indexing 17 files
9/27/2014 2:26:15 PM : Extracting : C:\Data\Projects\EPlus\Document\pdf V8.2\Acknowledgments.pdf
9/27/2014 2:26:15 PM : Extracting : C:\Data\Projects\EPlus\Document\pdf V8.2\appguidemenu.pdf
9/27/2014 2:26:15 PM : Extracting : C:\Data\Projects\EPlus\Document\pdf V8.2\AuxiliaryPrograms.pdf
9/27/2014 2:26:18 PM : Extracting : C:\Data\Projects\EPlus\Document\pdf V8.2\devguidemenu.pdf
9/27/2014 2:26:18 PM : Extracting : C:\Data\Projects\EPlus\Document\pdf V8.2\EMS_Application_Guide.pdf
9/27/2014 2:26:19 PM : Extracting : C:\Data\Projects\EPlus\Document\pdf V8.2\EngineeringReference.pdf
9/27/2014 2:26:52 PM : Extracting : C:\Data\Projects\EPlus\Document\pdf V8.2\EPlusMainMenu.pdf
9/27/2014 2:26:52 PM : Extracting : C:\Data\Projects\EPlus\Document\pdf V8.2\ExternalInterfaces_Application_Guide.pdf
9/27/2014 2:26:52 PM : Extracting : C:\Data\Projects\EPlus\Document\pdf V8.2\GettingStarted.pdf
9/27/2014 2:26:53 PM : Extracting : C:\Data\Projects\EPlus\Document\pdf V8.2\InputOutputReference.pdf
9/27/2014 2:27:31 PM : Extracting : C:\Data\Projects\EPlus\Document\pdf V8.2\InterfaceDeveloper.pdf
9/27/2014 2:27:31 PM : Extracting : C:\Data\Projects\EPlus\Document\pdf V8.2\ModuleDeveloper.pdf
9/27/2014 2:27:33 PM : Extracting : C:\Data\Projects\EPlus\Document\pdf V8.2\OutputDetailsAndExamples.pdf
9/27/2014 2:27:36 PM : Extracting : C:\Data\Projects\EPlus\Document\pdf V8.2\PlantApplicationGuide.pdf
9/27/2014 2:27:36 PM : Extracting : C:\Data\Projects\EPlus\Document\pdf V8.2\ProgrammingStandard.pdf
9/27/2014 2:27:37 PM : Extracting : C:\Data\Projects\EPlus\Document\pdf V8.2\Tips_and_Tricks_Using_EnergyPlus.pdf
9/27/2014 2:27:37 PM : Extracting : C:\Data\Projects\EPlus\Document\pdf V8.2\Using_EnergyPlus_for_Compliance.pdf
9/27/2014 2:27:38 PM : Creating Index
9/27/2014 2:27:40 PM :   Total PDF files in all directories : 17
9/27/2014 2:27:40 PM :   Total PDF attachments : 0
9/27/2014 2:27:40 PM :   Total new files : 17
9/27/2014 2:27:40 PM :   Total pages indexed : 4800
9/27/2014 2:27:40 PM :   Total number of files skipped : 0
9/27/2014 2:27:40 PM :   Total deleted files : 0
9/27/2014 2:27:40 PM : Index build successful.

9/29/2014 10:28:33 AM : Starting rebuild of Index : C:\Data\Projects\EPlus\Document\pdf V8.2\index.pdx
9/29/2014 10:28:33 AM : Deleting files from current index
9/29/2014 10:28:33 AM : Deleting : C:\Data\Projects\EPlus\Document\pdf V8.2\index\index.idx
9/29/2014 10:28:33 AM : Deleting : C:\Data\Projects\EPlus\Document\pdf V8.2\index\index1.idx
9/29/2014 10:28:33 AM : Searching : C:\Data\Projects\EPlus\Document\pdf V8.2\
9/29/2014 10:28:35 AM : Indexing 17 files
9/29/2014 10:28:35 AM : Extracting : C:\Data\Projects\EPlus\Document\pdf V8.2\Acknowledgments.pdf
9/29/2014 10:28:35 AM : Extracting : C:\Data\Projects\EPlus\Document\pdf V8.2\appguidemenu.pdf
9/29/2014 10:28:35 AM : Extracting : C:\Data\Projects\EPlus\Document\pdf V8.2\AuxiliaryPrograms.pdf
9/29/2014 10:28:38 AM : Extracting : C:\Data\Projects\EPlus\Document\pdf V8.2\devguidemenu.pdf
9/29/2014 10:28:38 AM : Extracting : C:\Data\Projects\EPlus\Document\pdf V8.2\EMS_Application_Guide.pdf
9/29/2014 10:28:39 AM : Extracting : C:\Data\Projects\EPlus\Document\pdf V8.2\EngineeringReference.pdf
9/29/2014 10:29:12 AM : Extracting : C:\Data\Projects\EPlus\Document\pdf V8.2\EPlusMainMenu.pdf
9/29/2014 10:29:12 AM : Extracting : C:\Data\Projects\EPlus\Document\pdf V8.2\ExternalInterfaces_Application_Guide.pdf
9/29/2014 10:29:13 AM : Extracting : C:\Data\Projects\EPlus\Document\pdf V8.2\GettingStarted.pdf
9/29/2014 10:29:13 AM : Extracting : C:\Data\Projects\EPlus\Document\pdf V8.2\InputOutputReference.pdf
9/29/2014 10:29:51 AM : Extracting : C:\Data\Projects\EPlus\Document\pdf V8.2\InterfaceDeveloper.pdf
9/29/2014 10:29:51 AM : Extracting : C:\Data\Projects\EPlus\Document\pdf V8.2\ModuleDeveloper.pdf
9/29/2014 10:29:53 AM : Extracting : C:\Data\Projects\EPlus\Document\pdf V8.2\OutputDetailsAndExamples.pdf
9/29/2014 10:29:56 AM : Extracting : C:\Data\Projects\EPlus\Document\pdf V8.2\PlantApplicationGuide.pdf
9/29/2014 10:29:57 AM : Extracting : C:\Data\Projects\EPlus\Document\pdf V8.2\ProgrammingStandard.pdf
9/29/2014 10:29:57 AM : Extracting : C:\Data\Projects\EPlus\Document\pdf V8.2\Tips_and_Tricks_Using_EnergyPlus.pdf
9/29/2014 10:29:58 AM : Extracting : C:\Data\Projects\EPlus\Document\pdf V8.2\Using_EnergyPlus_for_Compliance.pdf
9/29/2014 10:29:58 AM : Creating Index
9/29/2014 10:30:00 AM :   Total PDF files in all directories : 17
9/29/2014 10:30:00 AM :   Total PDF attachments : 0
9/29/2014 10:30:00 AM :   Total new files : 17
9/29/2014 10:30:00 AM :   Total pages indexed : 4800
9/29/2014 10:30:00 AM :   Total number of files skipped : 0
9/29/2014 10:30:00 AM :   Total deleted files : 0
9/29/2014 10:30:00 AM : Index build successful.

9/30/2014 2:52:51 PM : Starting rebuild of Index : C:\Data\Projects\EPlus\Document\pdf V8.2\index.pdx
9/30/2014 2:52:51 PM : Deleting files from current index
9/30/2014 2:52:51 PM : Deleting : C:\Data\Projects\EPlus\Document\pdf V8.2\index\index.idx
9/30/2014 2:52:51 PM : Deleting : C:\Data\Projects\EPlus\Document\pdf V8.2\index\index1.idx
9/30/2014 2:52:51 PM : Searching : C:\Data\Projects\EPlus\Document\pdf V8.2\
9/30/2014 2:52:53 PM : Indexing 17 files
9/30/2014 2:52:53 PM : Extracting : C:\Data\Projects\EPlus\Document\pdf V8.2\Acknowledgments.pdf
9/30/2014 2:52:53 PM : Extracting : C:\Data\Projects\EPlus\Document\pdf V8.2\appguidemenu.pdf
9/30/2014 2:52:53 PM : Extracting : C:\Data\Projects\EPlus\Document\pdf V8.2\AuxiliaryPrograms.pdf
9/30/2014 2:52:56 PM : Extracting : C:\Data\Projects\EPlus\Document\pdf V8.2\devguidemenu.pdf
9/30/2014 2:52:56 PM : Extracting : C:\Data\Projects\EPlus\Document\pdf V8.2\EMS_Application_Guide.pdf
9/30/2014 2:52:58 PM : Extracting : C:\Data\Projects\EPlus\Document\pdf V8.2\EngineeringReference.pdf
9/30/2014 2:53:32 PM : Extracting : C:\Data\Projects\EPlus\Document\pdf V8.2\EPlusMainMenu.pdf
9/30/2014 2:53:32 PM : Extracting : C:\Data\Projects\EPlus\Document\pdf V8.2\ExternalInterfaces_Application_Guide.pdf
9/30/2014 2:53:33 PM : Extracting : C:\Data\Projects\EPlus\Document\pdf V8.2\GettingStarted.pdf
9/30/2014 2:53:33 PM : Extracting : C:\Data\Projects\EPlus\Document\pdf V8.2\InputOutputReference.pdf
9/30/2014 2:54:12 PM : Extracting : C:\Data\Projects\EPlus\Document\pdf V8.2\InterfaceDeveloper.pdf
9/30/2014 2:54:12 PM : Extracting : C:\Data\Projects\EPlus\Document\pdf V8.2\ModuleDeveloper.pdf
9/30/2014 2:54:14 PM : Extracting : C:\Data\Projects\EPlus\Document\pdf V8.2\OutputDetailsAndExamples.pdf
9/30/2014 2:54:17 PM : Extracting : C:\Data\Projects\EPlus\Document\pdf V8.2\PlantApplicationGuide.pdf
9/30/2014 2:54:18 PM : Extracting : C:\Data\Projects\EPlus\Document\pdf V8.2\ProgrammingStandard.pdf
9/30/2014 2:54:18 PM : Extracting : C:\Data\Projects\EPlus\Document\pdf V8.2\Tips_and_Tricks_Using_EnergyPlus.pdf
9/30/2014 2:54:19 PM : Extracting : C:\Data\Projects\EPlus\Document\pdf V8.2\Using_EnergyPlus_for_Compliance.pdf
9/30/2014 2:54:19 PM : Creating Index
9/30/2014 2:54:21 PM :   Total PDF files in all directories : 17
9/30/2014 2:54:21 PM :   Total PDF attachments : 0
9/30/2014 2:54:21 PM :   Total new files : 17
9/30/2014 2:54:21 PM :   Total pages indexed : 4800
9/30/2014 2:54:21 PM :   Total number of files skipped : 0
9/30/2014 2:54:21 PM :   Total deleted files : 0
9/30/2014 2:54:21 PM : Index build successful.
